platforms/android/build/outputs/logs/manifest-merger-release-report.txt
-- Merging decision tree log ---
manifest
ADDED from platforms/android/AndroidManifest.xml:2:1-63:12
	package
		ADDED from platforms/android/AndroidManifest.xml:2:102-159
		INJECTED from platforms/android/AndroidManifest.xml
		INJECTED from platforms/android/AndroidManifest.xml
	android:versionName
		ADDED from platforms/android/AndroidManifest.xml:2:74-101
		INJECTED from platforms/android/AndroidManifest.xml
		INJECTED from platforms/android/AndroidManifest.xml
	android:hardwareAccelerated
		ADDED from platforms/android/AndroidManifest.xml:2:11-45
	android:versionCode
		ADDED from platforms/android/AndroidManifest.xml:2:46-73
		INJECTED from platforms/android/AndroidManifest.xml
		INJECTED from platforms/android/AndroidManifest.xml
	xmlns:android
		ADDED from platforms/android/AndroidManifest.xml:2:160-218
supports-screens
ADDED from platforms/android/AndroidManifest.xml:3:5-191
	android:largeScreens
		ADDED from platforms/android/AndroidManifest.xml:3:49-76
	android:smallScreens
		ADDED from platforms/android/AndroidManifest.xml:3:132-159
	android:normalScreens
		ADDED from platforms/android/AndroidManifest.xml:3:77-105
	android:xlargeScreens
		ADDED from platforms/android/AndroidManifest.xml:3:160-188
	android:resizeable
		ADDED from platforms/android/AndroidManifest.xml:3:106-131
	android:anyDensity
		ADDED from platforms/android/AndroidManifest.xml:3:23-48
uses-permission#android.permission.INTERNET
ADDED from platforms/android/AndroidManifest.xml:4:5-67
	android:name
		ADDED from platforms/android/AndroidManifest.xml:4:22-64
application
ADDED from platforms/android/AndroidManifest.xml:5:5-54:19
MERGED from [com.android.support:support-v4:24.0.0] AndroidManifest.xml:25:5-20
	android:label
		ADDED from platforms/android/AndroidManifest.xml:5:83-115
	android:supportsRtl
		ADDED from platforms/android/AndroidManifest.xml:5:116-142
	android:hardwareAccelerated
		ADDED from platforms/android/AndroidManifest.xml:5:18-52
	android:icon
		ADDED from platforms/android/AndroidManifest.xml:5:53-82
activity#com.ionicframework.ioniclocalnotification142698.MainActivity
ADDED from platforms/android/AndroidManifest.xml:6:9-11:20
	android:label
		ADDED from platforms/android/AndroidManifest.xml:6:97-134
	android:launchMode
		ADDED from platforms/android/AndroidManifest.xml:6:135-165
	android:windowSoftInputMode
		ADDED from platforms/android/AndroidManifest.xml:6:257-299
	android:configChanges
		ADDED from platforms/android/AndroidManifest.xml:6:19-96
	android:theme
		ADDED from platforms/android/AndroidManifest.xml:6:194-256
	android:name
		ADDED from platforms/android/AndroidManifest.xml:6:166-193
intent-filter#android.intent.action.MAIN+android.intent.category.LAUNCHER
ADDED from platforms/android/AndroidManifest.xml:7:13-10:29
	android:label
		ADDED from platforms/android/AndroidManifest.xml:7:28-65
action#android.intent.action.MAIN
ADDED from platforms/android/AndroidManifest.xml:8:17-69
	android:name
		ADDED from platforms/android/AndroidManifest.xml:8:25-66
category#android.intent.category.LAUNCHER
ADDED from platforms/android/AndroidManifest.xml:9:17-77
	android:name
		ADDED from platforms/android/AndroidManifest.xml:9:27-74
receiver#de.appplant.cordova.plugin.localnotification.TriggerReceiver
ADDED from platforms/android/AndroidManifest.xml:12:9-122
	android:exported
		ADDED from platforms/android/AndroidManifest.xml:12:19-43
	android:name
		ADDED from platforms/android/AndroidManifest.xml:12:44-119
receiver#de.appplant.cordova.plugin.localnotification.ClearReceiver
ADDED from platforms/android/AndroidManifest.xml:13:9-120
	android:exported
		ADDED from platforms/android/AndroidManifest.xml:13:19-43
	android:name
		ADDED from platforms/android/AndroidManifest.xml:13:44-117
activity#de.appplant.cordova.plugin.localnotification.ClickActivity
ADDED from platforms/android/AndroidManifest.xml:14:9-203
	android:launchMode
		ADDED from platforms/android/AndroidManifest.xml:14:44-79
	android:exported
		ADDED from platforms/android/AndroidManifest.xml:14:19-43
	android:theme
		ADDED from platforms/android/AndroidManifest.xml:14:154-200
	android:name
		ADDED from platforms/android/AndroidManifest.xml:14:80-153
receiver#de.appplant.cordova.plugin.notification.TriggerReceiver
ADDED from platforms/android/AndroidManifest.xml:15:9-117
	android:exported
		ADDED from platforms/android/AndroidManifest.xml:15:19-43
	android:name
		ADDED from platforms/android/AndroidManifest.xml:15:44-114
receiver#de.appplant.cordova.plugin.notification.ClearReceiver
ADDED from platforms/android/AndroidManifest.xml:16:9-115
	android:exported
		ADDED from platforms/android/AndroidManifest.xml:16:19-43
	android:name
		ADDED from platforms/android/AndroidManifest.xml:16:44-112
receiver#de.appplant.cordova.plugin.localnotification.RestoreReceiver
ADDED from platforms/android/AndroidManifest.xml:17:9-21:20
	android:exported
		ADDED from platforms/android/AndroidManifest.xml:17:19-43
	android:name
		ADDED from platforms/android/AndroidManifest.xml:17:44-119
intent-filter#android.intent.action.BOOT_COMPLETED
ADDED from platforms/android/AndroidManifest.xml:18:13-20:29
action#android.intent.action.BOOT_COMPLETED
ADDED from platforms/android/AndroidManifest.xml:19:17-79
	android:name
		ADDED from platforms/android/AndroidManifest.xml:19:25-76
activity#de.appplant.cordova.plugin.notification.ClickActivity
ADDED from platforms/android/AndroidManifest.xml:22:9-198
	android:launchMode
		ADDED from platforms/android/AndroidManifest.xml:22:44-79
	android:exported
		ADDED from platforms/android/AndroidManifest.xml:22:19-43
	android:theme
		ADDED from platforms/android/AndroidManifest.xml:22:149-195
	android:name
		ADDED from platforms/android/AndroidManifest.xml:22:80-148
receiver#org.altbeacon.beacon.startup.StartupBroadcastReceiver
ADDED from platforms/android/AndroidManifest.xml:23:9-29:20
	android:name
		ADDED from platforms/android/AndroidManifest.xml:23:19-87
intent-filter#android.intent.action.ACTION_POWER_CONNECTED+android.intent.action.ACTION_POWER_DISCONNECTED+android.intent.action.BOOT_COMPLETED
ADDED from platforms/android/AndroidManifest.xml:24:13-28:29
action#android.intent.action.ACTION_POWER_CONNECTED
ADDED from platforms/android/AndroidManifest.xml:26:17-87
	android:name
		ADDED from platforms/android/AndroidManifest.xml:26:25-84
action#android.intent.action.ACTION_POWER_DISCONNECTED
ADDED from platforms/android/AndroidManifest.xml:27:17-90
	android:name
		ADDED from platforms/android/AndroidManifest.xml:27:25-87
service#org.altbeacon.beacon.service.BeaconService
ADDED from platforms/android/AndroidManifest.xml:30:9-181
	android:enabled
		ADDED from platforms/android/AndroidManifest.xml:30:18-40
	android:label
		ADDED from platforms/android/AndroidManifest.xml:30:97-120
	android:exported
		ADDED from platforms/android/AndroidManifest.xml:30:41-64
	android:isolatedProcess
		ADDED from platforms/android/AndroidManifest.xml:30:65-96
	android:name
		ADDED from platforms/android/AndroidManifest.xml:30:121-178
service#org.altbeacon.beacon.BeaconIntentProcessor
ADDED from platforms/android/AndroidManifest.xml:31:9-37:19
	android:enabled
		ADDED from platforms/android/AndroidManifest.xml:31:18-40
	android:name
		ADDED from platforms/android/AndroidManifest.xml:31:41-98
meta-data#background
ADDED from platforms/android/AndroidManifest.xml:32:13-73
	android:value
		ADDED from platforms/android/AndroidManifest.xml:32:50-70
	android:name
		ADDED from platforms/android/AndroidManifest.xml:32:24-49
intent-filter#com.unarin.cordova.beacon.IBeaconPlugin.DID_MONITORING+com.unarin.cordova.beacon.IBeaconPlugin.DID_RANGING
ADDED from platforms/android/AndroidManifest.xml:33:13-36:29
	android:priority
		ADDED from platforms/android/AndroidManifest.xml:33:28-48
action#com.unarin.cordova.beacon.IBeaconPlugin.DID_RANGING
ADDED from platforms/android/AndroidManifest.xml:34:17-94
	android:name
		ADDED from platforms/android/AndroidManifest.xml:34:25-91
action#com.unarin.cordova.beacon.IBeaconPlugin.DID_MONITORING
ADDED from platforms/android/AndroidManifest.xml:35:17-97
	android:name
		ADDED from platforms/android/AndroidManifest.xml:35:25-94
receiver#com.tonikorin.cordova.plugin.autostart.BootCompletedReceiver
ADDED from platforms/android/AndroidManifest.xml:38:9-42:20
	android:enabled
		ADDED from platforms/android/AndroidManifest.xml:38:19-42
	android:name
		ADDED from platforms/android/AndroidManifest.xml:38:43-118
receiver#com.tonikorin.cordova.plugin.autostart.UserPresentReceiver
ADDED from platforms/android/AndroidManifest.xml:43:9-47:20
	android:enabled
		ADDED from platforms/android/AndroidManifest.xml:43:19-42
	android:name
		ADDED from platforms/android/AndroidManifest.xml:43:43-116
intent-filter#android.intent.action.USER_PRESENT
ADDED from platforms/android/AndroidManifest.xml:44:13-46:29
action#android.intent.action.USER_PRESENT
ADDED from platforms/android/AndroidManifest.xml:45:17-77
	android:name
		ADDED from platforms/android/AndroidManifest.xml:45:25-74
receiver#com.tonikorin.cordova.plugin.autostart.PackageReplacedReceiver
ADDED from platforms/android/AndroidManifest.xml:48:9-52:20
	android:enabled
		ADDED from platforms/android/AndroidManifest.xml:48:19-41
	android:name
		ADDED from platforms/android/AndroidManifest.xml:48:42-119
intent-filter#android.intent.action.MY_PACKAGE_REPLACED
ADDED from platforms/android/AndroidManifest.xml:49:13-51:29
action#android.intent.action.MY_PACKAGE_REPLACED
ADDED from platforms/android/AndroidManifest.xml:50:17-84
	android:name
		ADDED from platforms/android/AndroidManifest.xml:50:25-81
service#de.appplant.cordova.plugin.background.ForegroundService
ADDED from platforms/android/AndroidManifest.xml:53:9-91
	android:name
		ADDED from platforms/android/AndroidManifest.xml:53:18-88
uses-sdk
ADDED from platforms/android/AndroidManifest.xml:55:5-74
MERGED from [com.android.support:support-v4:24.0.0] AndroidManifest.xml:21:5-23:54
MERGED from [android:CordovaLib:unspecified:release] AndroidManifest.xml:25:5-44
	tools:overrideLibrary
		ADDED from [com.android.support:support-v4:24.0.0] AndroidManifest.xml:23:9-51
	android:targetSdkVersion
		ADDED from platforms/android/AndroidManifest.xml:55:42-71
	android:minSdkVersion
		ADDED from platforms/android/AndroidManifest.xml:55:15-41
uses-permission#android.permission.RECEIVE_BOOT_COMPLETED
ADDED from platforms/android/AndroidManifest.xml:56:5-81
	android:name
		ADDED from platforms/android/AndroidManifest.xml:56:22-78
uses-permission#android.permission.WRITE_EXTERNAL_STORAGE
ADDED from platforms/android/AndroidManifest.xml:57:5-81
	android:name
		ADDED from platforms/android/AndroidManifest.xml:57:22-78
uses-permission#android.permission.BLUETOOTH
ADDED from platforms/android/AndroidManifest.xml:58:5-68
	android:name
		ADDED from platforms/android/AndroidManifest.xml:58:22-65
uses-permission#android.permission.BLUETOOTH_ADMIN
ADDED from platforms/android/AndroidManifest.xml:59:5-74
	android:name
		ADDED from platforms/android/AndroidManifest.xml:59:22-71
uses-permission#android.permission.READ_EXTERNAL_STORAGE
ADDED from platforms/android/AndroidManifest.xml:60:5-80
	android:name
		ADDED from platforms/android/AndroidManifest.xml:60:22-77
uses-permission#android.permission.ACCESS_COARSE_LOCATION
ADDED from platforms/android/AndroidManifest.xml:61:5-81
	android:name
		ADDED from platforms/android/AndroidManifest.xml:61:22-78
uses-permission#android.permission.WAKE_LOCK
ADDED from platforms/android/AndroidManifest.xml:62:5-68
	android:name
		ADDED from platforms/android/AndroidManifest.xml:62:22-65